Could not read previous export (for caching), doing full export.
Continue: Exporting image
SignUpButton: Exporting image
display_layer: Exporting image
animals_intro_copy: Exporting image
Background_time: Exporting image
animals_intro: Exporting image
enter_name_done: Exporting image
N: Exporting image
H: Exporting image
O: Exporting image
J: Exporting image
Empty: Exporting image
Background_time copy: Exporting image
select_pet: Exporting image
all_done: Exporting image
kiki: Exporting image
kik: Exporting image
ki: Exporting image
k: Exporting image
empty: Exporting image
right_triangle: Exporting image
left_triangle: Exporting image
animals_intro copy: Exporting image
pusheen: Exporting image
Background_time copy 4: Exporting image
new_pet_button: Exporting image
delete_pet: Exporting image
check_points_button: Exporting image
animals_intro_2: Exporting image
pet_on_watch: Exporting image
Background_time_3: Exporting image
new_pet_button_2: Exporting image
delete_pet_2: Exporting image
check_points_button_2: Exporting image
animals_intro_2_2: Exporting image
pet_on_watch-2: Exporting image
Background_time_3-2: Exporting image
home: Exporting image
back_button: Exporting image
Background_time copy 2: Exporting image
48 views changed
Success: /Users/dmenghan/Dropbox/Fall 2014/UIDD/Prototype_v2/petitMobile.framer/imported/final_petit
